<?xml version="1.0" encoding="UTF-8"?>
<testng-results skipped="0" failed="0" total="1" passed="1">
  <reporter-output>
  </reporter-output>
  <suite name="AllTest" duration-ms="0" started-at="2018-08-24T01:00:04Z" finished-at="2018-08-24T01:00:04Z">
    <groups>
    </groups>
  </suite> <!-- AllTest -->
  <suite name="Selenium_Suite" duration-ms="94734" started-at="2018-08-24T00:58:29Z" finished-at="2018-08-24T01:00:03Z">
    <groups>
      <group name="cucumber">
        <method signature="AbstractTestNGCucumberTests.feature(cucumber.api.testng.CucumberFeatureWrapper)[pri:0, instance:runner.Test@396a51ab]" name="feature" class="cucumber.api.testng.AbstractTestNGCucumberTests"/>
      </group> <!-- cucumber -->
    </groups>
    <test name="Selenium_Suite" duration-ms="94734" started-at="2018-08-24T00:58:29Z" finished-at="2018-08-24T01:00:03Z">
      <class name="runner.Test">
        <test-method status="PASS" signature="setUpClass()[pri:0, instance:runner.Test@396a51ab]" name="setUpClass" is-config="true" duration-ms="931" started-at="2018-08-23T19:58:29Z" finished-at="2018-08-23T19:58:30Z">
          <reporter-output>
          </reporter-output>
        </test-method> <!-- setUpClass -->
        <test-method status="PASS" signature="feature(cucumber.api.testng.CucumberFeatureWrapper)[pri:0, instance:runner.Test@396a51ab]" name="feature" duration-ms="93517" started-at="2018-08-23T19:58:30Z" description="Runs Cucumber Feature" data-provider="features" finished-at="2018-08-23T20:00:03Z">
          <params>
            <param index="0">
              <value>
                <![CDATA[Login]]>
              </value>
            </param>
          </params>
          <reporter-output>
          </reporter-output>
        </test-method> <!-- feature -->
        <test-method status="PASS" signature="tearDownClass()[pri:0, instance:runner.Test@396a51ab]" name="tearDownClass" is-config="true" duration-ms="5" started-at="2018-08-23T20:00:03Z" finished-at="2018-08-23T20:00:03Z">
          <reporter-output>
          </reporter-output>
        </test-method> <!-- tearDownClass -->
      </class> <!-- runner.Test -->
    </test> <!-- Selenium_Suite -->
  </suite> <!-- Selenium_Suite -->
</testng-results>
